#
# A fatal error has been detected by the Java Runtime Environment:
#
#  EXCEPTION_ACCESS_VIOLATION (0xc0000005) at pc=0x00007ffb74491be1, pid=1952, tid=12752
#
# JRE version:  (17.0.5+8) (build )
# Java VM: OpenJDK 64-Bit Server VM (17.0.5+8, mixed mode, sharing, tiered, unknown gc, windows-amd64)
# Problematic frame:
# C  [jimage.dll+0x1be1]
#
# No core dump will be written. Minidumps are not enabled by default on client versions of Windows
#
#

---------------  S U M M A R Y ------------

Command Line: 

Host: 11th Gen Intel(R) Core(TM) i5-1135G7 @ 2.40GHz, 8 cores, 7G,  Windows 11 , 64 bit Build 22000 (10.0.22000.1335)
Time: Wed Dec 21 16:32:58 2022 Hora Padrão de Buenos Aires elapsed time: 0.023171 seconds (0d 0h 0m 0s)

---------------  T H R E A D  ---------------

Current thread is native thread

Stack: [0x000000c33a900000,0x000000c33aa00000],  sp=0x000000c33a9fd300,  free space=1012k
Native frames: (J=compiled Java code, j=interpreted, Vv=VM code, C=native code)
C  [jimage.dll+0x1be1]
C  [jimage.dll+0x1d6f]
C  [jimage.dll+0x264d]
V  [jvm.dll+0x1f0cfa]
V  [jvm.dll+0xb017e]
V  [jvm.dll+0x7e211c]
V  [jvm.dll+0x3eb17f]
V  [jvm.dll+0x3eccc1]
C  [jli.dll+0x5267]
C  [ucrtbase.dll+0x26c0c]
C  [KERNEL32.DLL+0x155a0]
C  [ntdll.dll+0x485b]


siginfo: EXCEPTION_ACCESS_VIOLATION (0xc0000005), reading address 0x000000000001373c


Registers:
RAX=0x0000000000004dc8, RBX=0x000000c33a9fd3f1, RCX=0x00007ffb74496000, RDX=0x0000000000004dc8
RSP=0x000000c33a9fd300, RBP=0x000000c33a9fd3f0, RSI=0x000000000000718d, RDI=0x000000c33a9fd3f0
R8 =0x00007ffb74494288, R9 =0x000000000000001c, R10=0x00007ffafc603900, R11=0x00007ffb74496000
R12=0x0000000000000002, R13=0x0000022eb9818a00, R14=0x000000c33a9fe460, R15=0x00007ffafc6039b8
RIP=0x00007ffb74491be1, EFLAGS=0x0000000000010246

Top of Stack: (sp=0x000000c33a9fd300)
0x000000c33a9fd300:   000000c33a9fd510 00007ffb2a00052f
0x000000c33a9fd310:   0000022eb9660c0c 000000c33a9fd4e8
0x000000c33a9fd320:   0000022eb982e9b0 00007ffb74491d6f
0x000000c33a9fd330:   000000000000000b 0000022eb982e9b0
0x000000c33a9fd340:   00000000000006f5 000000002a00052f
0x000000c33a9fd350:   0000022eb9813a60 00007ffb7ed219c9
0x000000c33a9fd360:   0000022eb9813a60 0000022e2a00052f
0x000000c33a9fd370:   0000022eb9810000 00000000000003ff
0x000000c33a9fd380:   00000000000006f5 0000022ebba00080
0x000000c33a9fd390:   000077989b8192ad 0000022eb9810150
0x000000c33a9fd3a0:   00007ffafc5e24a0 0000000000000017
0x000000c33a9fd3b0:   0000022eb982e9b0 000000c33a9fe460
0x000000c33a9fd3c0:   000000000000000b 00007ffb7449264d
0x000000c33a9fd3d0:   0000022eb9810000 00007ffb000003ff
0x000000c33a9fd3e0:   000000000000074d 0000022ebba17b00
0x000000c33a9fd3f0:   61622e6176616a2f 692f6b646a2f6573 

Instructions: (pc=0x00007ffb74491be1)
0x00007ffb74491ae1:   48 85 c9 74 1d 80 3d 23 45 00 00 00 74 06 48 8b
0x00007ffb74491af1:   53 18 eb 04 48 8b 53 40 e8 ae 0e 00 00 48 83 63
0x00007ffb74491b01:   48 00 8b 4b 0c 83 f9 ff 74 09 e8 e4 0c 00 00 83
0x00007ffb74491b11:   4b 0c ff 48 8b 4b 70 48 85 c9 74 0f ba 10 00 00
0x00007ffb74491b21:   00 e8 fd 0e 00 00 48 83 63 70 00 48 83 c4 20 5b
0x00007ffb74491b31:   c3 cc cc 40 53 48 83 ec 20 48 8b d9 48 8d 0d dc
0x00007ffb74491b41:   46 00 00 e8 b3 0c 00 00 83 6b 08 01 75 24 48 8b
0x00007ffb74491b51:   d3 48 8d 0d bf 44 00 00 e8 22 08 00 00 48 8b cb
0x00007ffb74491b61:   e8 de fe ff ff ba 78 00 00 00 48 8b cb e8 b1 0e
0x00007ffb74491b71:   00 00 48 8d 0d a6 46 00 00 48 83 c4 20 5b e9 80
0x00007ffb74491b81:   0c 00 00 48 89 5c 24 08 48 89 74 24 10 57 48 83
0x00007ffb74491b91:   ec 20 41 8b f1 4d 8b c8 48 8b fa 4c 8b d9 4d 85
0x00007ffb74491ba1:   c0 74 78 85 f6 74 74 44 8a 12 48 8d 5a 01 48 8b
0x00007ffb74491bb1:   d3 b8 93 01 00 01 eb 12 69 c0 93 01 00 01 41 0f
0x00007ffb74491bc1:   b6 ca 44 8a 12 33 c1 48 ff c2 45 84 d2 75 e9 4d
0x00007ffb74491bd1:   8b 03 0f ba f0 1f 33 d2 49 8b cb f7 f6 48 63 c2
0x00007ffb74491be1:   41 8b 14 81 41 ff 50 08 85 c0 7e 24 8a 0f eb 10
0x00007ffb74491bf1:   69 c0 93 01 00 01 0f b6 c9 33 c1 8a 0b 48 ff c3
0x00007ffb74491c01:   84 c9 75 ec 0f ba f0 1f 33 d2 f7 f6 8b c2 eb 0e
0x00007ffb74491c11:   79 09 83 c9 ff 2b c8 8b c1 eb 03 83 c8 ff 48 8b
0x00007ffb74491c21:   5c 24 30 48 8b 74 24 38 48 83 c4 20 5f c3 cc 48
0x00007ffb74491c31:   89 5c 24 08 48 89 74 24 10 57 48 83 ec 20 48 8b
0x00007ffb74491c41:   f1 48 8d 0d d7 45 00 00 e8 ae 0b 00 00 33 ff 39
0x00007ffb74491c51:   3d c2 43 00 00 76 24 48 8b 05 c1 43 00 00 48 8b
0x00007ffb74491c61:   d6 48 8b 1c f8 48 8b 0b e8 72 1e 00 00 85 c0 74
0x00007ffb74491c71:   2b ff c7 3b 3d 9e 43 00 00 72 dc 33 db 48 8d 0d
0x00007ffb74491c81:   9b 45 00 00 e8 7a 0b 00 00 48 8b 74 24 38 48 8b
0x00007ffb74491c91:   c3 48 8b 5c 24 30 48 83 c4 20 5f c3 ff 43 08 eb
0x00007ffb74491ca1:   dc cc cc 48 89 5c 24 08 48 89 74 24 10 57 48 83
0x00007ffb74491cb1:   ec 20 48 8b d9 48 8b f2 48 8b 49 10 49 8b f8 8b
0x00007ffb74491cc1:   53 30 48 8b 01 ff 50 20 4c 8b 43 50 48 8b d6 48
0x00007ffb74491cd1:   8b 4b 10 44 8b c8 e8 a8 fe ff ff 83 f8 ff 74 38 



---------------  P R O C E S S  ---------------

VM state: not at safepoint (not fully initialized)

VM Mutex/Monitor currently owned by a thread: None

GC Precious Log:
<Not initialized>


Dynamic libraries:
0x00007ff6dc860000 - 0x00007ff6dc86e000 	c:\Users\aliss\.vscode\extensions\redhat.java-1.13.0-win32-x64\jre\17.0.5-win32-x86_64\bin\java.exe
0x00007ffb7ed00000 - 0x00007ffb7ef09000 	C:\Windows\SYSTEM32\ntdll.dll
0x00007ffb7d060000 - 0x00007ffb7d11e000 	C:\Windows\System32\KERNEL32.DLL
0x00007ffb7c480000 - 0x00007ffb7c7fb000 	C:\Windows\System32\KERNELBASE.dll
0x00007ffb7c360000 - 0x00007ffb7c471000 	C:\Windows\System32\ucrtbase.dll
0x00007ffb743e0000 - 0x00007ffb743f9000 	c:\Users\aliss\.vscode\extensions\redhat.java-1.13.0-win32-x64\jre\17.0.5-win32-x86_64\bin\VCRUNTIME140.dll
0x00007ffb74400000 - 0x00007ffb74417000 	c:\Users\aliss\.vscode\extensions\redhat.java-1.13.0-win32-x64\jre\17.0.5-win32-x86_64\bin\jli.dll
0x00007ffb7ce80000 - 0x00007ffb7d02d000 	C:\Windows\System32\USER32.dll
0x00007ffb7c270000 - 0x00007ffb7c296000 	C:\Windows\System32\win32u.dll
0x00007ffb7d030000 - 0x00007ffb7d059000 	C:\Windows\System32\GDI32.dll
0x00007ffb5fe30000 - 0x00007ffb600d5000 	C:\Windows\WinSxS\amd64_microsoft.windows.common-controls_6595b64144ccf1df_6.0.22000.120_none_9d947278b86cc467\COMCTL32.dll
0x00007ffb7c8f0000 - 0x00007ffb7ca08000 	C:\Windows\System32\gdi32full.dll
0x00007ffb7cbe0000 - 0x00007ffb7cc83000 	C:\Windows\System32\msvcrt.dll
0x00007ffb7c1d0000 - 0x00007ffb7c26d000 	C:\Windows\System32\msvcp_win.dll
0x00007ffb7d130000 - 0x00007ffb7d162000 	C:\Windows\System32\IMM32.DLL
0x00007ffb75960000 - 0x00007ffb7596c000 	c:\Users\aliss\.vscode\extensions\redhat.java-1.13.0-win32-x64\jre\17.0.5-win32-x86_64\bin\vcruntime140_1.dll
0x00007ffb26e60000 - 0x00007ffb26ef1000 	c:\Users\aliss\.vscode\extensions\redhat.java-1.13.0-win32-x64\jre\17.0.5-win32-x86_64\bin\msvcp140.dll
0x00007ffafbcd0000 - 0x00007ffafc914000 	c:\Users\aliss\.vscode\extensions\redhat.java-1.13.0-win32-x64\jre\17.0.5-win32-x86_64\bin\server\jvm.dll
0x00007ffb7df60000 - 0x00007ffb7e00e000 	C:\Windows\System32\ADVAPI32.dll
0x00007ffb7d700000 - 0x00007ffb7d79e000 	C:\Windows\System32\sechost.dll
0x00007ffb7cd60000 - 0x00007ffb7ce80000 	C:\Windows\System32\RPCRT4.dll
0x00007ffb6d360000 - 0x00007ffb6d369000 	C:\Windows\SYSTEM32\WSOCK32.dll
0x00007ffb7e1c0000 - 0x00007ffb7e22f000 	C:\Windows\System32\WS2_32.dll
0x00007ffb74280000 - 0x00007ffb742b3000 	C:\Windows\SYSTEM32\WINMM.dll
0x00007ffb72a00000 - 0x00007ffb72a0a000 	C:\Windows\SYSTEM32\VERSION.dll
0x00007ffb7b340000 - 0x00007ffb7b358000 	C:\Windows\SYSTEM32\kernel.appcore.dll
0x00007ffb74490000 - 0x00007ffb7449a000 	c:\Users\aliss\.vscode\extensions\redhat.java-1.13.0-win32-x64\jre\17.0.5-win32-x86_64\bin\jimage.dll
0x00007ffb79df0000 - 0x00007ffb7a011000 	C:\Windows\SYSTEM32\DBGHELP.DLL
0x00007ffb6e070000 - 0x00007ffb6e0a1000 	C:\Windows\SYSTEM32\dbgcore.DLL
0x00007ffb7c870000 - 0x00007ffb7c8ef000 	C:\Windows\System32\bcryptPrimitives.dll

dbghelp: loaded successfully - version: 4.0.5 - missing functions: none
symbol engine: initialized successfully - sym options: 0x614 - pdb path: .;c:\Users\aliss\.vscode\extensions\redhat.java-1.13.0-win32-x64\jre\17.0.5-win32-x86_64\bin;C:\Windows\SYSTEM32;C:\Windows\WinSxS\amd64_microsoft.windows.common-controls_6595b64144ccf1df_6.0.22000.120_none_9d947278b86cc467;c:\Users\aliss\.vscode\extensions\redhat.java-1.13.0-win32-x64\jre\17.0.5-win32-x86_64\bin\server

VM Arguments:
java_command: <unknown>
java_class_path (initial): <not set>
Launcher Type: SUN_STANDARD

[Global flags]
     bool UseLargePagesIndividualAllocation        = false                                  {pd product} {ergonomic}

Logging:
Log output configuration:
 #0: stdout all=warning uptime,level,tags
 #1: stderr all=off uptime,level,tags

Environment Variables:
PATH=C:\Program Files (x86)\Common Files\Oracle\Java\javapath;C:\Windows\system32;C:\Windows;C:\Windows\System32\Wbem;C:\Windows\System32\WindowsPowerShell\v1.0\;C:\Windows\System32\OpenSSH\;C:\Program Files (x86)\NVIDIA Corporation\PhysX\Common;C:\Program Files\NVIDIA Corporation\NVIDIA NvDLISR;C:\Program Files\Git\cmd;C:\Program Files\nodejs\;C:\Users\aliss\AppData\Local\Microsoft\WindowsApps;C:\intelFPGA_lite\20.1\modelsim_ase\win32aloem;C:\Users\aliss\AppData\Local\Programs\Microsoft VS Code\bin;C:\Users\aliss\AppData\Roaming\npm;C:\apache-maven-3.8.6\bin;
USERNAME=aliss
OS=Windows_NT
PROCESSOR_IDENTIFIER=Intel64 Family 6 Model 140 Stepping 1, GenuineIntel
TMP=C:\Users\aliss\AppData\Local\Temp
TEMP=C:\Users\aliss\AppData\Local\Temp



---------------  S Y S T E M  ---------------

OS:
 Windows 11 , 64 bit Build 22000 (10.0.22000.1335)
OS uptime: 3 days 4:17 hours

CPU: total 8 (initial active 0) 

Memory: 4k page, system-wide physical 7971M (895M free)
TotalPageFile size 32547M (AvailPageFile size 13M)
current process WorkingSet (physical memory assigned to process): 7M, peak: 7M
current process commit charge ("private bytes"): 3M, peak: 3M

vm_info: OpenJDK 64-Bit Server VM (17.0.5+8) for windows-amd64 JRE (17.0.5+8), built on Oct 19 2022 04:48:13 by "temurin" with MS VC++ 16.7 (VS2019)

END.
